Wed 20 Mar 2024 08:20:38 PM UTC: 
 tests:  0|5
total_score: 0/70
587bfba
Wed 20 Mar 2024 08:27:00 PM UTC: 
 exercises.c | 37 +++++++++++++++++++++++++++++++++++--
 1 file changed, 35 insertions(+), 2 deletions(-)
In file included from test.c:5:
exercises.c: In function ‘crea_lista’:
exercises.c:62:20: error: implicit declaration of function ‘firstList’ [-Werror=implicit-function-declaration]
   62 |   void *elemento = firstList(lista);
      |                    ^~~~~~~~~
exercises.c:62:20: error: initialization of ‘void *’ from ‘int’ makes pointer from integer without a cast [-Werror=int-conversion]
exercises.c:76:3: error: implicit declaration of function ‘clean’ [-Werror=implicit-function-declaration]
   76 |   clean(lista);
      |   ^~~~~
cc1: all warnings being treated as errors
Compilation failed
6518ed1
Wed 20 Mar 2024 08:28:22 PM UTC: 
 exercises.c | 24 ------------------------
 1 file changed, 24 deletions(-)
In file included from test.c:5:
exercises.c: In function ‘crea_lista’:
exercises.c:52:3: error: implicit declaration of function ‘clean’ [-Werror=implicit-function-declaration]
   52 |   clean(lista);
      |   ^~~~~
In file included from test.c:6:
arraylist.c: In function ‘create_list’:
arraylist.c:15:34: error: invalid application of ‘sizeof’ to incomplete type ‘List’
   15 |   List* L = (List*)malloc(sizeof(List));
      |                                  ^~~~
arraylist.c:16:4: error: invalid use of incomplete typedef ‘List’
   16 |   L->current = 0;
      |    ^~
arraylist.c:17:4: error: invalid use of incomplete typedef ‘List’
   17 |   L->size = 0;
      |    ^~
arraylist.c: In function ‘first’:
arraylist.c:22:7: error: invalid use of incomplete typedef ‘List’
   22 |   if(L->size == 0) {
      |       ^~
arraylist.c:25:4: error: invalid use of incomplete typedef ‘List’
   25 |   L->current = 0;
      |    ^~
arraylist.c:26:11: error: invalid use of incomplete typedef ‘List’
   26 |   return L->data[L->current];
      |           ^~
arraylist.c:26:19: error: invalid use of incomplete typedef ‘List’
   26 |   return L->data[L->current];
      |                   ^~
arraylist.c: In function ‘next’:
arraylist.c:30:7: error: invalid use of incomplete typedef ‘List’
   30 |   if(L->current < L->size - 1) {
      |       ^~
arraylist.c:30:20: error: invalid use of incomplete typedef ‘List’
   30 |   if(L->current < L->size - 1) {
      |                    ^~
arraylist.c:31:6: error: invalid use of incomplete typedef ‘List’
   31 |     L->current++;
      |      ^~
arraylist.c:32:13: error: invalid use of incomplete typedef ‘List’
   32 |     return L->data[L->current];
      |             ^~
arraylist.c:32:21: error: invalid use of incomplete typedef ‘List’
   32 |     return L->data[L->current];
      |                     ^~
arraylist.c: In function ‘pushFront’:
arraylist.c:38:7: error: invalid use of incomplete typedef ‘List’
   38 |   if(L->size == 0) {
      |       ^~
arraylist.c:39:6: error: invalid use of incomplete typedef ‘List’
   39 |     L->data[0] = dato;
      |      ^~
arraylist.c:40:6: error: invalid use of incomplete typedef ‘List’
   40 |     L->size++;
      |      ^~
arraylist.c:43:16: error: invalid use of incomplete typedef ‘List’
   43 |   for(int i = L->size; i > 0; i--) {
      |                ^~
arraylist.c:44:6: error: invalid use of incomplete typedef ‘List’
   44 |     L->data[i] = L->data[i - 1];
      |      ^~
arraylist.c:44:19: error: invalid use of incomplete typedef ‘List’
   44 |     L->data[i] = L->data[i - 1];
      |                   ^~
arraylist.c:46:4: error: invalid use of incomplete typedef ‘List’
   46 |   L->data[0] = dato;
      |    ^~
arraylist.c:47:4: error: invalid use of incomplete typedef ‘List’
   47 |   L->size++;
      |    ^~
arraylist.c: In function ‘pushBack’:
arraylist.c:51:4: error: invalid use of incomplete typedef ‘List’
   51 |   L->data[L->size] = dato;
      |    ^~
arraylist.c:51:12: error: invalid use of incomplete typedef ‘List’
   51 |   L->data[L->size] = dato;
      |            ^~
arraylist.c:52:4: error: invalid use of incomplete typedef ‘List’
   52 |   L->size++;
      |    ^~
arraylist.c: In function ‘pushCurrent’:
arraylist.c:56:7: error: invalid use of incomplete typedef ‘List’
   56 |   if(L->size == 0) {
      |       ^~
arraylist.c:57:6: error: invalid use of incomplete typedef ‘List’
   57 |     L->data[0] = dato;
      |      ^~
arraylist.c:58:6: error: invalid use of incomplete typedef ‘List’
   58 |     L->size++;
      |      ^~
arraylist.c:61:16: error: invalid use of incomplete typedef ‘List’
   61 |   for(int i = L->size; i > L->current; i--) {
      |                ^~
arraylist.c:61:29: error: invalid use of incomplete typedef ‘List’
   61 |   for(int i = L->size; i > L->current; i--) {
      |                             ^~
arraylist.c:62:6: error: invalid use of incomplete typedef ‘List’
   62 |     L->data[i] = L->data[i - 1];
      |      ^~
arraylist.c:62:19: error: invalid use of incomplete typedef ‘List’
   62 |     L->data[i] = L->data[i - 1];
      |                   ^~
arraylist.c:64:4: error: invalid use of incomplete typedef ‘List’
   64 |   L->data[L->current + 1] = dato;
      |    ^~
arraylist.c:64:12: error: invalid use of incomplete typedef ‘List’
   64 |   L->data[L->current + 1] = dato;
      |            ^~
arraylist.c:65:4: error: invalid use of incomplete typedef ‘List’
   65 |   L->size++;
      |    ^~
arraylist.c: In function ‘popFront’:
arraylist.c:69:7: error: invalid use of incomplete typedef ‘List’
   69 |   if(L->size == 0) {
      |       ^~
arraylist.c:72:17: error: invalid use of incomplete typedef ‘List’
   72 |   void* dato = L->data[0];
      |                 ^~
arraylist.c:73:23: error: invalid use of incomplete typedef ‘List’
   73 |   for(int i = 0; i < L->size - 1; i++) {
      |                       ^~
arraylist.c:74:6: error: invalid use of incomplete typedef ‘List’
   74 |     L->data[i] = L->data[i + 1];
      |      ^~
arraylist.c:74:19: error: invalid use of incomplete typedef ‘List’
   74 |     L->data[i] = L->data[i + 1];
      |                   ^~
arraylist.c:76:4: error: invalid use of incomplete typedef ‘List’
   76 |   L->size--;
      |    ^~
arraylist.c: In function ‘popBack’:
arraylist.c:81:7: error: invalid use of incomplete typedef ‘List’
   81 |   if(L->size == 0) {
      |       ^~
arraylist.c:84:17: error: invalid use of incomplete typedef ‘List’
   84 |   void* dato = L->data[L->size - 1];
      |                 ^~
arraylist.c:84:25: error: invalid use of incomplete typedef ‘List’
   84 |   void* dato = L->data[L->size - 1];
      |                         ^~
arraylist.c:85:4: error: invalid use of incomplete typedef ‘List’
   85 |   L->size--;
      |    ^~
arraylist.c: In function ‘popCurrent’:
arraylist.c:90:7: error: invalid use of incomplete typedef ‘List’
   90 |   if(L->size == 0) {
      |       ^~
arraylist.c:93:17: error: invalid use of incomplete typedef ‘List’
   93 |   void* dato = L->data[L->current];
      |                 ^~
arraylist.c:93:25: error: invalid use of incomplete typedef ‘List’
   93 |   void* dato = L->data[L->current];
      |                         ^~
arraylist.c:94:16: error: invalid use of incomplete typedef ‘List’
   94 |   for(int i = L->current; i < L->size - 1; i++) {
      |                ^~
arraylist.c:94:32: error: invalid use of incomplete typedef ‘List’
   94 |   for(int i = L->current; i < L->size - 1; i++) {
      |                                ^~
arraylist.c:95:6: error: invalid use of incomplete typedef ‘List’
   95 |     L->data[i] = L->data[i + 1];
      |      ^~
arraylist.c:95:19: error: invalid use of incomplete typedef ‘List’
   95 |     L->data[i] = L->data[i + 1];
      |                   ^~
arraylist.c:97:4: error: invalid use of incomplete typedef ‘List’
   97 |   L->size--;
      |    ^~
arraylist.c:98:4: error: invalid use of incomplete typedef ‘List’
   98 |   L->current--;
      |    ^~
arraylist.c: In function ‘get_size’:
arraylist.c:103:11: error: invalid use of incomplete typedef ‘List’
  103 |   return L->size;
      |           ^~
test.c: In function ‘crea_lista’:
test.c:253:5: error: ‘main’ is normally a non-static function [-Werror=main]
  253 | int main( int argc, char *argv[] ) {
      |     ^~~~
test.c:271:1: error: expected declaration or statement at end of input
  271 | }
      | ^
test.c:272: error: control reaches end of non-void function [-Werror=return-type]
In file included from test.c:6:
arraylist.c: In function ‘first’:
arraylist.c:27:1: error: control reaches end of non-void function [-Werror=return-type]
   27 | }
      | ^
At top level:
test.c:253:5: error: ‘main’ defined but not used [-Werror=unused-function]
  253 | int main( int argc, char *argv[] ) {
      |     ^~~~
test.c:37:6: error: ‘info_msg’ defined but not used [-Werror=unused-function]
   37 | void info_msg(char* msg){
      |      ^~~~~~~~
In file included from test.c:6:
arraylist.c:102:5: error: ‘get_size’ defined but not used [-Werror=unused-function]
  102 | int get_size(List *L) {
      |     ^~~~~~~~
arraylist.c:89:7: error: ‘popCurrent’ defined but not used [-Werror=unused-function]
   89 | void* popCurrent(List *L) {
      |       ^~~~~~~~~~
arraylist.c:80:7: error: ‘popBack’ defined but not used [-Werror=unused-function]
   80 | void* popBack(List *L) {
      |       ^~~~~~~
arraylist.c:68:7: error: ‘popFront’ defined but not used [-Werror=unused-function]
   68 | void* popFront(List *L) {
      |       ^~~~~~~~
arraylist.c:55:6: error: ‘pushCurrent’ defined but not used [-Werror=unused-function]
   55 | void pushCurrent(List *L, void *dato) {
      |      ^~~~~~~~~~~
arraylist.c:37:6: error: ‘pushFront’ defined but not used [-Werror=unused-function]
   37 | void pushFront(List *L, void *dato) {
      |      ^~~~~~~~~
cc1: all warnings being treated as errors
Compilation failed
f682718
Wed 20 Mar 2024 08:28:34 PM UTC: 
 exercises.c | 3 ---
 1 file changed, 3 deletions(-)
In file included from test.c:6:
arraylist.c: In function ‘create_list’:
arraylist.c:15:34: error: invalid application of ‘sizeof’ to incomplete type ‘List’
   15 |   List* L = (List*)malloc(sizeof(List));
      |                                  ^~~~
arraylist.c:16:4: error: invalid use of incomplete typedef ‘List’
   16 |   L->current = 0;
      |    ^~
arraylist.c:17:4: error: invalid use of incomplete typedef ‘List’
   17 |   L->size = 0;
      |    ^~
arraylist.c: In function ‘first’:
arraylist.c:22:7: error: invalid use of incomplete typedef ‘List’
   22 |   if(L->size == 0) {
      |       ^~
arraylist.c:25:4: error: invalid use of incomplete typedef ‘List’
   25 |   L->current = 0;
      |    ^~
arraylist.c:26:11: error: invalid use of incomplete typedef ‘List’
   26 |   return L->data[L->current];
      |           ^~
arraylist.c:26:19: error: invalid use of incomplete typedef ‘List’
   26 |   return L->data[L->current];
      |                   ^~
arraylist.c: In function ‘next’:
arraylist.c:30:7: error: invalid use of incomplete typedef ‘List’
   30 |   if(L->current < L->size - 1) {
      |       ^~
arraylist.c:30:20: error: invalid use of incomplete typedef ‘List’
   30 |   if(L->current < L->size - 1) {
      |                    ^~
arraylist.c:31:6: error: invalid use of incomplete typedef ‘List’
   31 |     L->current++;
      |      ^~
arraylist.c:32:13: error: invalid use of incomplete typedef ‘List’
   32 |     return L->data[L->current];
      |             ^~
arraylist.c:32:21: error: invalid use of incomplete typedef ‘List’
   32 |     return L->data[L->current];
      |                     ^~
arraylist.c: In function ‘pushFront’:
arraylist.c:38:7: error: invalid use of incomplete typedef ‘List’
   38 |   if(L->size == 0) {
      |       ^~
arraylist.c:39:6: error: invalid use of incomplete typedef ‘List’
   39 |     L->data[0] = dato;
      |      ^~
arraylist.c:40:6: error: invalid use of incomplete typedef ‘List’
   40 |     L->size++;
      |      ^~
arraylist.c:43:16: error: invalid use of incomplete typedef ‘List’
   43 |   for(int i = L->size; i > 0; i--) {
      |                ^~
arraylist.c:44:6: error: invalid use of incomplete typedef ‘List’
   44 |     L->data[i] = L->data[i - 1];
      |      ^~
arraylist.c:44:19: error: invalid use of incomplete typedef ‘List’
   44 |     L->data[i] = L->data[i - 1];
      |                   ^~
arraylist.c:46:4: error: invalid use of incomplete typedef ‘List’
   46 |   L->data[0] = dato;
      |    ^~
arraylist.c:47:4: error: invalid use of incomplete typedef ‘List’
   47 |   L->size++;
      |    ^~
arraylist.c: In function ‘pushBack’:
arraylist.c:51:4: error: invalid use of incomplete typedef ‘List’
   51 |   L->data[L->size] = dato;
      |    ^~
arraylist.c:51:12: error: invalid use of incomplete typedef ‘List’
   51 |   L->data[L->size] = dato;
      |            ^~
arraylist.c:52:4: error: invalid use of incomplete typedef ‘List’
   52 |   L->size++;
      |    ^~
arraylist.c: In function ‘pushCurrent’:
arraylist.c:56:7: error: invalid use of incomplete typedef ‘List’
   56 |   if(L->size == 0) {
      |       ^~
arraylist.c:57:6: error: invalid use of incomplete typedef ‘List’
   57 |     L->data[0] = dato;
      |      ^~
arraylist.c:58:6: error: invalid use of incomplete typedef ‘List’
   58 |     L->size++;
      |      ^~
arraylist.c:61:16: error: invalid use of incomplete typedef ‘List’
   61 |   for(int i = L->size; i > L->current; i--) {
      |                ^~
arraylist.c:61:29: error: invalid use of incomplete typedef ‘List’
   61 |   for(int i = L->size; i > L->current; i--) {
      |                             ^~
arraylist.c:62:6: error: invalid use of incomplete typedef ‘List’
   62 |     L->data[i] = L->data[i - 1];
      |      ^~
arraylist.c:62:19: error: invalid use of incomplete typedef ‘List’
   62 |     L->data[i] = L->data[i - 1];
      |                   ^~
arraylist.c:64:4: error: invalid use of incomplete typedef ‘List’
   64 |   L->data[L->current + 1] = dato;
      |    ^~
arraylist.c:64:12: error: invalid use of incomplete typedef ‘List’
   64 |   L->data[L->current + 1] = dato;
      |            ^~
arraylist.c:65:4: error: invalid use of incomplete typedef ‘List’
   65 |   L->size++;
      |    ^~
arraylist.c: In function ‘popFront’:
arraylist.c:69:7: error: invalid use of incomplete typedef ‘List’
   69 |   if(L->size == 0) {
      |       ^~
arraylist.c:72:17: error: invalid use of incomplete typedef ‘List’
   72 |   void* dato = L->data[0];
      |                 ^~
arraylist.c:73:23: error: invalid use of incomplete typedef ‘List’
   73 |   for(int i = 0; i < L->size - 1; i++) {
      |                       ^~
arraylist.c:74:6: error: invalid use of incomplete typedef ‘List’
   74 |     L->data[i] = L->data[i + 1];
      |      ^~
arraylist.c:74:19: error: invalid use of incomplete typedef ‘List’
   74 |     L->data[i] = L->data[i + 1];
      |                   ^~
arraylist.c:76:4: error: invalid use of incomplete typedef ‘List’
   76 |   L->size--;
      |    ^~
arraylist.c: In function ‘popBack’:
arraylist.c:81:7: error: invalid use of incomplete typedef ‘List’
   81 |   if(L->size == 0) {
      |       ^~
arraylist.c:84:17: error: invalid use of incomplete typedef ‘List’
   84 |   void* dato = L->data[L->size - 1];
      |                 ^~
arraylist.c:84:25: error: invalid use of incomplete typedef ‘List’
   84 |   void* dato = L->data[L->size - 1];
      |                         ^~
arraylist.c:85:4: error: invalid use of incomplete typedef ‘List’
   85 |   L->size--;
      |    ^~
arraylist.c: In function ‘popCurrent’:
arraylist.c:90:7: error: invalid use of incomplete typedef ‘List’
   90 |   if(L->size == 0) {
      |       ^~
arraylist.c:93:17: error: invalid use of incomplete typedef ‘List’
   93 |   void* dato = L->data[L->current];
      |                 ^~
arraylist.c:93:25: error: invalid use of incomplete typedef ‘List’
   93 |   void* dato = L->data[L->current];
      |                         ^~
arraylist.c:94:16: error: invalid use of incomplete typedef ‘List’
   94 |   for(int i = L->current; i < L->size - 1; i++) {
      |                ^~
arraylist.c:94:32: error: invalid use of incomplete typedef ‘List’
   94 |   for(int i = L->current; i < L->size - 1; i++) {
      |                                ^~
arraylist.c:95:6: error: invalid use of incomplete typedef ‘List’
   95 |     L->data[i] = L->data[i + 1];
      |      ^~
arraylist.c:95:19: error: invalid use of incomplete typedef ‘List’
   95 |     L->data[i] = L->data[i + 1];
      |                   ^~
arraylist.c:97:4: error: invalid use of incomplete typedef ‘List’
   97 |   L->size--;
      |    ^~
arraylist.c:98:4: error: invalid use of incomplete typedef ‘List’
   98 |   L->current--;
      |    ^~
arraylist.c: In function ‘get_size’:
arraylist.c:103:11: error: invalid use of incomplete typedef ‘List’
  103 |   return L->size;
      |           ^~
test.c: In function ‘crea_lista’:
test.c:253:5: error: ‘main’ is normally a non-static function [-Werror=main]
  253 | int main( int argc, char *argv[] ) {
      |     ^~~~
test.c:271:1: error: expected declaration or statement at end of input
  271 | }
      | ^
test.c:272: error: control reaches end of non-void function [-Werror=return-type]
In file included from test.c:6:
arraylist.c: In function ‘first’:
arraylist.c:27:1: error: control reaches end of non-void function [-Werror=return-type]
   27 | }
      | ^
At top level:
test.c:253:5: error: ‘main’ defined but not used [-Werror=unused-function]
  253 | int main( int argc, char *argv[] ) {
      |     ^~~~
test.c:37:6: error: ‘info_msg’ defined but not used [-Werror=unused-function]
   37 | void info_msg(char* msg){
      |      ^~~~~~~~
In file included from test.c:6:
arraylist.c:102:5: error: ‘get_size’ defined but not used [-Werror=unused-function]
  102 | int get_size(List *L) {
      |     ^~~~~~~~
arraylist.c:89:7: error: ‘popCurrent’ defined but not used [-Werror=unused-function]
   89 | void* popCurrent(List *L) {
      |       ^~~~~~~~~~
arraylist.c:80:7: error: ‘popBack’ defined but not used [-Werror=unused-function]
   80 | void* popBack(List *L) {
      |       ^~~~~~~
arraylist.c:68:7: error: ‘popFront’ defined but not used [-Werror=unused-function]
   68 | void* popFront(List *L) {
      |       ^~~~~~~~
arraylist.c:55:6: error: ‘pushCurrent’ defined but not used [-Werror=unused-function]
   55 | void pushCurrent(List *L, void *dato) {
      |      ^~~~~~~~~~~
arraylist.c:37:6: error: ‘pushFront’ defined but not used [-Werror=unused-function]
   37 | void pushFront(List *L, void *dato) {
      |      ^~~~~~~~~
cc1: all warnings being treated as errors
Compilation failed
4b020d7
Wed 20 Mar 2024 08:30:18 PM UTC: 
 exercises.c | 2 ++
 1 file changed, 2 insertions(+)
 tests:  2|3
total_score: 20/70
b3553ab
Wed 20 Mar 2024 08:32:02 PM UTC: 
 exercises.c | 11 +++++++++++
 1 file changed, 11 insertions(+)
 tests:  1|4
total_score: 10/70
4906c7a
Wed 20 Mar 2024 08:32:17 PM UTC: 
 exercises.c | 3 +--
 1 file changed, 1 insertion(+), 2 deletions(-)
 tests:  2|3
total_score: 20/70
4a89c94
Wed 20 Mar 2024 08:39:49 PM UTC: 
 exercises.c | 13 ++++++++++++-
 1 file changed, 12 insertions(+), 1 deletion(-)
In file included from test.c:5:
exercises.c: In function ‘eliminaElementos’:
exercises.c:88:8: error: assignment to ‘int’ from ‘int *’ makes integer from pointer without a cast [-Werror=int-conversion]
   88 |   *num = (int*)first(L);
      |        ^
exercises.c:90:14: error: comparison between pointer and integer [-Werror]
   90 |   while(*num != NULL)
      |              ^~
exercises.c:88:8: error: ‘num’ is used uninitialized [-Werror=uninitialized]
   88 |   *num = (int*)first(L);
      |   ~~~~~^~~~~~~~~~~~~~~~
cc1: all warnings being treated as errors
Compilation failed
8043560
Wed 20 Mar 2024 08:40:53 PM UTC: 
 exercises.c | 6 +++---
 1 file changed, 3 insertions(+), 3 deletions(-)
In file included from test.c:5:
exercises.c: In function ‘eliminaElementos’:
exercises.c:95:14: error: expected expression before ‘List’
   95 |         next(List *L)
      |              ^~~~
exercises.c:95:22: error: expected ‘;’ before ‘}’ token
   95 |         next(List *L)
      |                      ^
      |                      ;
   96 |       }
      |       ~               
Compilation failed
fac1c54
Wed 20 Mar 2024 08:40:58 PM UTC: 
 exercises.c | 2 +-
 1 file changed, 1 insertion(+), 1 deletion(-)
In file included from test.c:5:
exercises.c: In function ‘eliminaElementos’:
exercises.c:95:14: error: expected expression before ‘List’
   95 |         next(List *L);
      |              ^~~~
Compilation failed
a2ee30b
Wed 20 Mar 2024 08:42:10 PM UTC: 
 exercises.c | 2 +-
 1 file changed, 1 insertion(+), 1 deletion(-)
 tests:  3|2
total_score: 40/70
73b980d
Wed 20 Mar 2024 08:49:33 PM UTC: 
 exercises.c | 19 +++++++++++++++++--
 1 file changed, 17 insertions(+), 2 deletions(-)
 tests:  3|2
total_score: 40/70
640543c
Wed 20 Mar 2024 08:53:00 PM UTC: 
 exercises.c | 20 ++++++++++++++++++--
 1 file changed, 18 insertions(+), 2 deletions(-)
In file included from test.c:5:
exercises.c: In function ‘parentesisBalanceados’:
exercises.c:150:1: error: control reaches end of non-void function [-Werror=return-type]
  150 | }
      | ^
cc1: all warnings being treated as errors
Compilation failed
e28f230
Wed 20 Mar 2024 08:54:58 PM UTC: 
 exercises.c | 8 +++++---
 1 file changed, 5 insertions(+), 3 deletions(-)
 tests:  3|2
total_score: 40/70
c81fa8a
Wed 20 Mar 2024 08:56:11 PM UTC: 
 exercises.c | 5 ++++-
 1 file changed, 4 insertions(+), 1 deletion(-)
In file included from test.c:5:
exercises.c: In function ‘parentesisBalanceados’:
exercises.c:151:11: error: invalid use of incomplete typedef ‘Stack’ {aka ‘List’}
  151 |   if (pila->size == 0)
      |           ^~
exercises.c:155:1: error: control reaches end of non-void function [-Werror=return-type]
  155 | }
      | ^
cc1: all warnings being treated as errors
Compilation failed
5bbd393
Wed 20 Mar 2024 08:56:49 PM UTC: 
 exercises.c | 5 +----
 1 file changed, 1 insertion(+), 4 deletions(-)
In file included from test.c:5:
exercises.c: In function ‘parentesisBalanceados’:
exercises.c:152:1: error: control reaches end of non-void function [-Werror=return-type]
  152 | }
      | ^
cc1: all warnings being treated as errors
Compilation failed
45e03df
Wed 20 Mar 2024 08:57:16 PM UTC: 
 exercises.c | 3 ++-
 1 file changed, 2 insertions(+), 1 deletion(-)
In file included from test.c:5:
exercises.c: In function ‘parentesisBalanceados’:
exercises.c:153:1: error: control reaches end of non-void function [-Werror=return-type]
  153 | }
      | ^
cc1: all warnings being treated as errors
Compilation failed
e8f69ae
Wed 20 Mar 2024 09:01:53 PM UTC: 
 exercises.c | 3 +--
 1 file changed, 1 insertion(+), 2 deletions(-)
In file included from test.c:5:
exercises.c: In function ‘parentesisBalanceados’:
exercises.c:151:7: error: expected expression before ‘)’ token
  151 |   if ()
      |       ^
exercises.c:152:1: error: control reaches end of non-void function [-Werror=return-type]
  152 | }
      | ^
cc1: all warnings being treated as errors
Compilation failed
b558cbc
Wed 20 Mar 2024 09:02:41 PM UTC: 
 exercises.c | 2 +-
 1 file changed, 1 insertion(+), 1 deletion(-)
In file included from test.c:5:
exercises.c: In function ‘parentesisBalanceados’:
exercises.c:152:1: error: control reaches end of non-void function [-Werror=return-type]
  152 | }
      | ^
cc1: all warnings being treated as errors
Compilation failed
ea21723
Wed 20 Mar 2024 09:09:11 PM UTC: 
 exercises.c | 16 ++++++++--------
 1 file changed, 8 insertions(+), 8 deletions(-)
In file included from test.c:5:
exercises.c: In function ‘parentesisBalanceados’:
exercises.c:152:1: error: control reaches end of non-void function [-Werror=return-type]
  152 | }
      | ^
cc1: all warnings being treated as errors
Compilation failed
3a9c59f
Fri 22 Mar 2024 11:00:50 PM UTC: 
 exercises.c | 34 ++++++++++------------------------
 1 file changed, 10 insertions(+), 24 deletions(-)
In file included from test.c:5:
exercises.c: In function ‘parentesisBalanceados’:
exercises.c:135:10: error: unused variable ‘pila’ [-Werror=unused-variable]
  135 |   Stack* pila = create_stack();
      |          ^~~~
exercises.c:138:1: error: control reaches end of non-void function [-Werror=return-type]
  138 | }
      | ^
cc1: all warnings being treated as errors
Compilation failed
60e17c0
Fri 22 Mar 2024 11:01:10 PM UTC: 
 exercises.c | 2 +-
 1 file changed, 1 insertion(+), 1 deletion(-)
In file included from test.c:5:
exercises.c: In function ‘parentesisBalanceados’:
exercises.c:138:1: error: control reaches end of non-void function [-Werror=return-type]
  138 | }
      | ^
cc1: all warnings being treated as errors
Compilation failed
841b273
Fri 22 Mar 2024 11:01:24 PM UTC: 
 exercises.c | 2 +-
 1 file changed, 1 insertion(+), 1 deletion(-)
 tests:  3|2
total_score: 40/70
e31bde1
Fri 22 Mar 2024 11:01:45 PM UTC: 
 exercises.c | 2 +-
 1 file changed, 1 insertion(+), 1 deletion(-)
In file included from test.c:5:
exercises.c: In function ‘copia_pila’:
exercises.c:124:10: error: ‘return’ with a value, in function returning void [-Werror=return-type]
  124 |   return 0;
      |          ^
exercises.c:107:6: note: declared here
  107 | void copia_pila(Stack* P1, Stack* P2)
      |      ^~~~~~~~~~
cc1: all warnings being treated as errors
Compilation failed
1fa8a67
Fri 22 Mar 2024 11:01:52 PM UTC: 
 exercises.c | 1 -
 1 file changed, 1 deletion(-)
 tests:  3|2
total_score: 40/70
4757f1a
Fri 22 Mar 2024 11:02:42 PM UTC: 
 exercises.c | 10 +++-------
 1 file changed, 3 insertions(+), 7 deletions(-)
 tests:  3|2
total_score: 40/70
98b2b52
Fri 22 Mar 2024 11:05:46 PM UTC: 
 exercises.c | 12 +++++++-----
 1 file changed, 7 insertions(+), 5 deletions(-)
In file included from test.c:5:
exercises.c: In function ‘copia_pila’:
exercises.c:111:11: error: implicit declaration of function ‘isEmpty’ [-Werror=implicit-function-declaration]
  111 |   while (!isEmpty(P1))
      |           ^~~~~~~
exercises.c:113:11: error: unused variable ‘elem’ [-Werror=unused-variable]
  113 |     void *elem = pop(P1);
      |           ^~~~
cc1: all warnings being treated as errors
Compilation failed
b4ab67e
Fri 22 Mar 2024 11:06:40 PM UTC: 
 exercises.c | 4 ++--
 1 file changed, 2 insertions(+), 2 deletions(-)
In file included from test.c:5:
exercises.c: In function ‘copia_pila’:
exercises.c:113:11: error: unused variable ‘elem’ [-Werror=unused-variable]
  113 |     void *elem = pop(P1);
      |           ^~~~
cc1: all warnings being treated as errors
Compilation failed
fd78cbf
Fri 22 Mar 2024 11:08:54 PM UTC: 
 exercises.c | 5 +++--
 1 file changed, 3 insertions(+), 2 deletions(-)
 tests:  0|0
de959c1
Fri 22 Mar 2024 11:09:51 PM UTC: 
 exercises.c | 2 +-
 1 file changed, 1 insertion(+), 1 deletion(-)
 tests:  0|0
c6416d3
Fri 22 Mar 2024 11:11:44 PM UTC: 
 exercises.c | 4 ++--
 1 file changed, 2 insertions(+), 2 deletions(-)
In file included from test.c:5:
exercises.c: In function ‘copia_pila’:
exercises.c:111:26: error: expected statement before ‘)’ token
  111 |   while (pop(P1) != NULL))
      |                          ^
exercises.c:117:26: error: expected statement before ‘)’ token
  117 |   while (pop(P3) != NULL))
      |                          ^
Compilation failed
4fbb45d
Fri 22 Mar 2024 11:11:50 PM UTC: 
 exercises.c | 4 ++--
 1 file changed, 2 insertions(+), 2 deletions(-)
 tests:  3|2
total_score: 40/70
72e82c8
Fri 22 Mar 2024 11:14:03 PM UTC: 
 exercises.c | 2 +-
 1 file changed, 1 insertion(+), 1 deletion(-)
 tests:  3|2
total_score: 40/70
02b9ed9
Fri 22 Mar 2024 11:15:12 PM UTC: 
 exercises.c | 4 ++--
 1 file changed, 2 insertions(+), 2 deletions(-)
In file included from test.c:5:
exercises.c: In function ‘copia_pila’:
exercises.c:111:11: error: implicit declaration of function ‘is_empty_stack’ [-Werror=implicit-function-declaration]
  111 |   while (!is_empty_stack(P1))
      |           ^~~~~~~~~~~~~~
cc1: all warnings being treated as errors
Compilation failed
4abbe97
Fri 22 Mar 2024 11:18:44 PM UTC: 
 exercises.c | 21 +++++++++++++--------
 1 file changed, 13 insertions(+), 8 deletions(-)
 tests:  3|2
total_score: 40/70
87acce0
Fri 22 Mar 2024 11:21:16 PM UTC: 
 exercises.c | 8 +++++---
 1 file changed, 5 insertions(+), 3 deletions(-)
In file included from test.c:5:
exercises.c: In function ‘copia_pila’:
exercises.c:118:3: error: unknown type name ‘Node’
  118 |   Node* temp = pila->first;
      |   ^~~~
exercises.c:118:20: error: invalid use of incomplete typedef ‘Stack’ {aka ‘List’}
  118 |   Node* temp = pila->first;
      |                    ^~
exercises.c:124:18: error: request for member ‘next’ in something not a structure or union
  124 |       temp = temp->next;
      |                  ^~
Compilation failed
83b9f22
Fri 22 Mar 2024 11:22:25 PM UTC: 
 exercises.c | 2 +-
 1 file changed, 1 insertion(+), 1 deletion(-)
In file included from test.c:5:
exercises.c: In function ‘copia_pila’:
exercises.c:118:3: error: unknown type name ‘Node’
  118 |   Node* temp = pila->first;
      |   ^~~~
exercises.c:118:20: error: invalid use of incomplete typedef ‘Stack’ {aka ‘List’}
  118 |   Node* temp = pila->first;
      |                    ^~
exercises.c:124:19: error: passing argument 1 of ‘next’ from incompatible pointer type [-Werror=incompatible-pointer-types]
  124 |       temp = next(temp);
      |                   ^~~~
      |                   |
      |                   int *
In file included from exercises.c:6,
                 from test.c:5:
arraylist.h:14:18: note: expected ‘List *’ but argument is of type ‘int *’
   14 | void* next(List *L);
      |            ~~~~~~^
cc1: all warnings being treated as errors
Compilation failed
5646131
Fri 22 Mar 2024 11:23:29 PM UTC: 
 exercises.c | 12 ++++++------
 1 file changed, 6 insertions(+), 6 deletions(-)
In file included from test.c:5:
exercises.c: In function ‘copia_pila’:
exercises.c:118:3: error: unknown type name ‘Node’
  118 |   Node* aux = first(pila);
      |   ^~~~
exercises.c:124:7: error: ‘temp’ undeclared (first use in this function)
  124 |       temp = next(aux);
      |       ^~~~
exercises.c:124:7: note: each undeclared identifier is reported only once for each function it appears in
exercises.c:124:19: error: passing argument 1 of ‘next’ from incompatible pointer type [-Werror=incompatible-pointer-types]
  124 |       temp = next(aux);
      |                   ^~~
      |                   |
      |                   int *
In file included from exercises.c:6,
                 from test.c:5:
arraylist.h:14:18: note: expected ‘List *’ but argument is of type ‘int *’
   14 | void* next(List *L);
      |            ~~~~~~^
cc1: all warnings being treated as errors
Compilation failed
d7c459b
Fri 22 Mar 2024 11:23:44 PM UTC: 
 exercises.c | 2 +-
 1 file changed, 1 insertion(+), 1 deletion(-)
In file included from test.c:5:
exercises.c: In function ‘copia_pila’:
exercises.c:118:3: error: unknown type name ‘Node’
  118 |   Node* aux = first(pila);
      |   ^~~~
exercises.c:124:18: error: passing argument 1 of ‘next’ from incompatible pointer type [-Werror=incompatible-pointer-types]
  124 |       aux = next(aux);
      |                  ^~~
      |                  |
      |                  int *
In file included from exercises.c:6,
                 from test.c:5:
arraylist.h:14:18: note: expected ‘List *’ but argument is of type ‘int *’
   14 | void* next(List *L);
      |            ~~~~~~^
cc1: all warnings being treated as errors
Compilation failed
5c22cbb
Fri 22 Mar 2024 11:26:40 PM UTC: 
 exercises.c | 5 +++--
 1 file changed, 3 insertions(+), 2 deletions(-)
 tests:  3|2
total_score: 40/70
8d813e0
Fri 22 Mar 2024 11:31:38 PM UTC: 
 exercises.c | 18 +++++++++++++++++-
 1 file changed, 17 insertions(+), 1 deletion(-)
In file included from test.c:5:
exercises.c: In function ‘parentesisBalanceados’:
exercises.c:161:25: error: expected ‘:’ before ‘;’ token
  161 |   return (cont == 0) ? 1 ; 0;
      |                         ^~
      |                         :
exercises.c:161:28: error: statement with no effect [-Werror=unused-value]
  161 |   return (cont == 0) ? 1 ; 0;
      |                            ^
exercises.c:162:1: error: control reaches end of non-void function [-Werror=return-type]
  162 | }
      | ^
cc1: all warnings being treated as errors
Compilation failed
6c89846
Fri 22 Mar 2024 11:38:22 PM UTC: 
 exercises.c | 26 ++++++++++----------------
 1 file changed, 10 insertions(+), 16 deletions(-)
 tests:  6|2
total_score: 50/70
80de094
Fri 22 Mar 2024 11:38:50 PM UTC: 
 exercises.c | 12 ++++++++----
 1 file changed, 8 insertions(+), 4 deletions(-)
 tests:  6|2
total_score: 50/70
a7291ed
Fri 22 Mar 2024 11:39:01 PM UTC: 
 exercises.c | 10 +++++-----
 1 file changed, 5 insertions(+), 5 deletions(-)
 tests:  6|2
total_score: 50/70
bd83b06
Fri 22 Mar 2024 11:39:35 PM UTC: 
 exercises.c | 2 +-
 1 file changed, 1 insertion(+), 1 deletion(-)
 tests:  6|2
total_score: 50/70
b99cb13
Fri 22 Mar 2024 11:40:18 PM UTC: 
 exercises.c | 2 +-
 1 file changed, 1 insertion(+), 1 deletion(-)
In file included from test.c:5:
exercises.c: In function ‘parentesisBalanceados’:
exercises.c:160:1: error: control reaches end of non-void function [-Werror=return-type]
  160 | }
      | ^
cc1: all warnings being treated as errors
Compilation failed
2c927fc
Fri 22 Mar 2024 11:40:24 PM UTC: 
 exercises.c | 2 +-
 1 file changed, 1 insertion(+), 1 deletion(-)
 tests:  6|2
total_score: 50/70
1ecc4c3
Fri 22 Mar 2024 11:42:08 PM UTC: 
 exercises.c | 2 +-
 1 file changed, 1 insertion(+), 1 deletion(-)
 tests:  6|2
total_score: 50/70
7be4600
Fri 22 Mar 2024 11:42:25 PM UTC: 
 exercises.c | 3 ++-
 1 file changed, 2 insertions(+), 1 deletion(-)
 tests:  6|2
total_score: 50/70
e104166
Sat 23 Mar 2024 12:04:15 AM UTC: 
 exercises.c | 2 --
 1 file changed, 2 deletions(-)
In file included from test.c:5:
exercises.c: In function ‘copia_pila’:
exercises.c:118:3: error: unknown type name ‘Node’
  118 |   Node* aux = first(pila);
      |   ^~~~
exercises.c:124:18: error: ‘a’ undeclared (first use in this function)
  124 |       aux = next(a)
      |                  ^
exercises.c:124:18: note: each undeclared identifier is reported only once for each function it appears in
exercises.c:124:20: error: expected ‘;’ before ‘}’ token
  124 |       aux = next(a)
      |                    ^
      |                    ;
  125 |     }
      |     ~               
Compilation failed
072a2cd
Sat 23 Mar 2024 12:04:45 AM UTC: 
 exercises.c | 13 ++++---------
 1 file changed, 4 insertions(+), 9 deletions(-)
 tests:  6|2
total_score: 50/70
3a662b2
